[Android_pixel_8_pro INFO ] 2024-07-17 00:55:48.444 DriverManager:28 - Driver initialized.
[Android_pixel_8_pro INFO ] 2024-07-17 00:55:55.578 BasePage:62 - Get text attribute: Returning error message from Located by By.chained({By.chained({AppiumBy.accessibilityId: test-Error message,AppiumBy.className: android.widget.TextView})})
[Android_pixel_8_pro INFO ] 2024-07-17 00:55:58.770 VideoManager:36 - Video Path: C:\Users\Adderly\IdeaProjects\bdd-appium-udemy\Videos\Android\pixel_8_pro_emulator-5554\Login_with_invalid_username_2024-07-17_00-55-58.mp4
[Android_pixel_8_pro INFO ] 2024-07-17 00:56:07.620 BasePage:62 - Get text attribute: Returning Title from Located by By.chained({By.chained({AppiumBy.accessibilityId: test-Cart drop zone,AppiumBy.className: android.widget.TextView})})
[Android_pixel_8_pro INFO ] 2024-07-17 00:56:09.874 VideoManager:36 - Video Path: C:\Users\Adderly\IdeaProjects\bdd-appium-udemy\Videos\Android\pixel_8_pro_emulator-5554\Login_with_valid_credentials_2024-07-17_00-56-09.mp4
[Android_pixel_8_pro INFO ] 2024-07-17 00:56:20.027 BasePage:62 - Get text attribute: Returning Product Title from Located by By.chained({By.xpath: (//android.widget.TextView[@content-desc="test-Item title"])[1]})
[Android_pixel_8_pro INFO ] 2024-07-17 00:56:20.453 BasePage:62 - Get text attribute: Returning Product Price from Located by By.chained({By.xpath: (//android.widget.TextView[@content-desc="test-Price"])[1]})
[Android_pixel_8_pro INFO ] 2024-07-17 00:56:22.528 VideoManager:36 - Video Path: C:\Users\Adderly\IdeaProjects\bdd-appium-udemy\Videos\Android\pixel_8_pro_emulator-5554\Validate_product_info_on_Products_page_2024-07-17_00-56-22.mp4
[Android_pixel_8_pro INFO ] 2024-07-17 00:56:33.498 BasePage:62 - Get text attribute: Returning PDP Title from Located by By.chained({By.chained({By.xpath: //android.view.ViewGroup[@content-desc="test-Description"]/android.widget.TextView[1]})})
[Android_pixel_8_pro INFO ] 2024-07-17 00:56:34.194 BasePage:62 - Get text attribute: Returning PDP Description from Located by By.chained({By.chained({By.xpath: //android.view.ViewGroup[@content-desc="test-Description"]/android.widget.TextView[2]})})
[Android_pixel_8_pro INFO ] 2024-07-17 00:56:43.715 VideoManager:36 - Video Path: C:\Users\Adderly\IdeaProjects\bdd-appium-udemy\Videos\Android\pixel_8_pro_emulator-5554\Validate_product_info_on_Products_Details_page_2024-07-17_00-56-43.mp4
[Android_pixel_8_pro INFO ] 2024-07-17 01:44:40.482 DriverManager:28 - Driver initialized.
[Android_pixel_8_pro INFO ] 2024-07-17 01:44:47.420 BasePage:62 - Get text attribute: Returning error message from Located by By.chained({By.chained({AppiumBy.accessibilityId: test-Error message,AppiumBy.className: android.widget.TextView})})
[Android_pixel_8_pro INFO ] 2024-07-17 01:44:50.662 VideoManager:36 - Video Path: C:\Users\Adderly\IdeaProjects\bdd-appium-udemy\Videos\Android\pixel_8_pro_emulator-5554\Login_with_invalid_username_2024-07-17_01-44-50.mp4
[Android_pixel_8_pro INFO ] 2024-07-17 01:44:59.862 BasePage:62 - Get text attribute: Returning Title from Located by By.chained({By.chained({AppiumBy.accessibilityId: test-Cart drop zone,AppiumBy.className: android.widget.TextView})})
[Android_pixel_8_pro INFO ] 2024-07-17 01:45:02.069 VideoManager:36 - Video Path: C:\Users\Adderly\IdeaProjects\bdd-appium-udemy\Videos\Android\pixel_8_pro_emulator-5554\Login_with_valid_credentials_2024-07-17_01-45-02.mp4
[Android_pixel_8_pro INFO ] 2024-07-17 01:45:11.653 BasePage:62 - Get text attribute: Returning Product Title from Located by By.chained({By.xpath: (//android.widget.TextView[@content-desc="test-Item title"])[1]})
[Android_pixel_8_pro INFO ] 2024-07-17 01:45:12.090 BasePage:62 - Get text attribute: Returning Product Price from Located by By.chained({By.xpath: (//android.widget.TextView[@content-desc="test-Price"])[1]})
[Android_pixel_8_pro INFO ] 2024-07-17 01:45:14.907 VideoManager:36 - Video Path: C:\Users\Adderly\IdeaProjects\bdd-appium-udemy\Videos\Android\pixel_8_pro_emulator-5554\Validate_product_info_on_Products_page_2024-07-17_01-45-14.mp4
[Android_pixel_8_pro INFO ] 2024-07-17 01:45:25.490 BasePage:62 - Get text attribute: Returning PDP Title from Located by By.chained({By.chained({By.xpath: //android.view.ViewGroup[@content-desc="test-Description"]/android.widget.TextView[1]})})
[Android_pixel_8_pro INFO ] 2024-07-17 01:45:26.270 BasePage:62 - Get text attribute: Returning PDP Description from Located by By.chained({By.chained({By.xpath: //android.view.ViewGroup[@content-desc="test-Description"]/android.widget.TextView[2]})})
[Android_pixel_8_pro INFO ] 2024-07-17 01:45:36.392 VideoManager:36 - Video Path: C:\Users\Adderly\IdeaProjects\bdd-appium-udemy\Videos\Android\pixel_8_pro_emulator-5554\Validate_product_info_on_Products_Details_page_2024-07-17_01-45-36.mp4
